Flow report for DataPathSample
Wed Oct 11 15:40:44 2017
Quartus Prime Version 17.0.0 Build 595 04/25/2017 SJ Lite Edition


---------------------
; Table of Contents ;
---------------------
  1. Legal Notice
  2. Flow Summary
  3. Flow Settings
  4. Flow Non-Default Global Settings
  5. Flow Elapsed Time
  6. Flow OS Summary
  7. Flow Log
  8. Flow Messages
  9. Flow Suppressed Messages



----------------
; Legal Notice ;
----------------
Copyright (C) 2017  Intel Corporation. All rights reserved.
Your use of Intel Corporation's design tools, logic functions 
and other software and tools, and its AMPP partner logic 
functions, and any output files from any of the foregoing 
(including device programming or simulation files), and any 
associated documentation or information are expressly subject 
to the terms and conditions of the Intel Program License 
Subscription Agreement, the Intel Quartus Prime License Agreement,
the Intel MegaCore Function License Agreement, or other 
applicable license agreement, including, without limitation, 
that your use is for the sole purpose of programming logic 
devices manufactured by Intel and sold by Intel or its 
authorized distributors.  Please refer to the applicable 
agreement for further details.



+-------------------------------------------------------------------------------+
; Flow Summary                                                                  ;
+---------------------------------+---------------------------------------------+
; Flow Status                     ; Successful - Wed Oct 11 15:40:44 2017       ;
; Quartus Prime Version           ; 17.0.0 Build 595 04/25/2017 SJ Lite Edition ;
; Revision Name                   ; DataPathSample                              ;
; Top-level Entity Name           ; DataPathSample                              ;
; Family                          ; Cyclone V                                   ;
; Device                          ; 5CSEBA6U23I7DK                              ;
; Timing Models                   ; Final                                       ;
; Logic utilization (in ALMs)     ; 23 / 41,910 ( < 1 % )                       ;
; Total registers                 ; 30                                          ;
; Total pins                      ; 17 / 314 ( 5 % )                            ;
; Total virtual pins              ; 0                                           ;
; Total block memory bits         ; 0 / 5,662,720 ( 0 % )                       ;
; Total DSP Blocks                ; 1 / 112 ( < 1 % )                           ;
; Total HSSI RX PCSs              ; 0                                           ;
; Total HSSI PMA RX Deserializers ; 0                                           ;
; Total HSSI TX PCSs              ; 0                                           ;
; Total HSSI PMA TX Serializers   ; 0                                           ;
; Total PLLs                      ; 0 / 6 ( 0 % )                               ;
; Total DLLs                      ; 0 / 4 ( 0 % )                               ;
+---------------------------------+---------------------------------------------+


+-----------------------------------------+
; Flow Settings                           ;
+-------------------+---------------------+
; Option            ; Setting             ;
+-------------------+---------------------+
; Start date & time ; 10/11/2017 15:39:43 ;
; Main task         ; Compilation         ;
; Revision Name     ; DataPathSample      ;
+-------------------+---------------------+


+-----------------------------------------------------------------------------------------------------------------------------------+
; Flow Non-Default Global Settings                                                                                                  ;
+-------------------------------------+----------------------------------------+---------------+-------------------+----------------+
; Assignment Name                     ; Value                                  ; Default Value ; Entity Name       ; Section Id     ;
+-------------------------------------+----------------------------------------+---------------+-------------------+----------------+
; COMPILER_SIGNATURE_ID               ; 52238874884.150776158318372            ; --            ; --                ; --             ;
; EDA_OUTPUT_DATA_FORMAT              ; Verilog Hdl                            ; --            ; --                ; eda_simulation ;
; EDA_SIMULATION_TOOL                 ; ModelSim-Altera (Verilog)              ; <None>        ; --                ; --             ;
; EDA_TIME_SCALE                      ; 1 ps                                   ; --            ; --                ; eda_simulation ;
; MAX_CORE_JUNCTION_TEMP              ; 100                                    ; --            ; --                ; --             ;
; MIN_CORE_JUNCTION_TEMP              ; -40                                    ; --            ; --                ; --             ;
; PARTITION_COLOR                     ; -- (Not supported for targeted family) ; --            ; DE10_Nano_Default ; Top            ;
; PARTITION_COLOR                     ; -- (Not supported for targeted family) ; --            ; --                ; Top            ;
; PARTITION_FITTER_PRESERVATION_LEVEL ; -- (Not supported for targeted family) ; --            ; DE10_Nano_Default ; Top            ;
; PARTITION_FITTER_PRESERVATION_LEVEL ; -- (Not supported for targeted family) ; --            ; --                ; Top            ;
; PARTITION_NETLIST_TYPE              ; -- (Not supported for targeted family) ; --            ; DE10_Nano_Default ; Top            ;
; PARTITION_NETLIST_TYPE              ; -- (Not supported for targeted family) ; --            ; --                ; Top            ;
; POWER_BOARD_THERMAL_MODEL           ; None (CONSERVATIVE)                    ; --            ; --                ; --             ;
; POWER_PRESET_COOLING_SOLUTION       ; 23 MM HEAT SINK WITH 200 LFPM AIRFLOW  ; --            ; --                ; --             ;
; PROJECT_OUTPUT_DIRECTORY            ; output_files                           ; --            ; --                ; --             ;
+-------------------------------------+----------------------------------------+---------------+-------------------+----------------+


+-------------------------------------------------------------------------------------------------------------------------------+
; Flow Elapsed Time                                                                                                             ;
+---------------------------+--------------+-------------------------+---------------------+------------------------------------+
; Module Name               ; Elapsed Time ; Average Processors Used ; Peak Virtual Memory ; Total CPU Time (on all processors) ;
+---------------------------+--------------+-------------------------+---------------------+------------------------------------+
; Analysis & Synthesis      ; 00:00:10     ; 1.0                     ; 1000 MB             ; 00:00:22                           ;
; Fitter                    ; 00:00:35     ; 1.0                     ; 2139 MB             ; 00:00:56                           ;
; Assembler                 ; 00:00:06     ; 1.0                     ; 969 MB              ; 00:00:06                           ;
; TimeQuest Timing Analyzer ; 00:00:05     ; 1.1                     ; 1228 MB             ; 00:00:05                           ;
; EDA Netlist Writer        ; 00:00:01     ; 1.0                     ; 1131 MB             ; 00:00:01                           ;
; Total                     ; 00:00:57     ; --                      ; --                  ; 00:01:30                           ;
+---------------------------+--------------+-------------------------+---------------------+------------------------------------+


+---------------------------------------------------------------------------------------------------------+
; Flow OS Summary                                                                                         ;
+---------------------------+------------------------------+----------------+------------+----------------+
; Module Name               ; Machine Hostname             ; OS Name        ; OS Version ; Processor type ;
+---------------------------+------------------------------+----------------+------------+----------------+
; Analysis & Synthesis      ; henryboswell-virtual-machine ; Ubuntu 16.04.2 ; 16         ; x86_64         ;
; Fitter                    ; henryboswell-virtual-machine ; Ubuntu 16.04.2 ; 16         ; x86_64         ;
; Assembler                 ; henryboswell-virtual-machine ; Ubuntu 16.04.2 ; 16         ; x86_64         ;
; TimeQuest Timing Analyzer ; henryboswell-virtual-machine ; Ubuntu 16.04.2 ; 16         ; x86_64         ;
; EDA Netlist Writer        ; henryboswell-virtual-machine ; Ubuntu 16.04.2 ; 16         ; x86_64         ;
+---------------------------+------------------------------+----------------+------------+----------------+


------------
; Flow Log ;
------------
quartus_map --read_settings_files=on --write_settings_files=off DataPathSample -c DataPathSample
quartus_fit --read_settings_files=off --write_settings_files=off DataPathSample -c DataPathSample
quartus_asm --read_settings_files=off --write_settings_files=off DataPathSample -c DataPathSample
quartus_sta DataPathSample -c DataPathSample
quartus_eda --read_settings_files=off --write_settings_files=off DataPathSample -c DataPathSample



