Analysis & Synthesis report for DataPathSample
Wed Oct 11 16:22:44 2017
Quartus Prime Version 17.0.0 Build 595 04/25/2017 SJ Lite Edition


---------------------
; Table of Contents ;
---------------------
  1. Legal Notice
  2. Analysis & Synthesis Summary
  3. Analysis & Synthesis Settings
  4. Parallel Compilation
  5. Analysis & Synthesis Source Files Read
  6. Analysis & Synthesis Resource Usage Summary
  7. Analysis & Synthesis Resource Utilization by Entity
  8. Analysis & Synthesis DSP Block Usage Summary
  9. State Machine - |DataPathSample|part2:u0|control:C0|current_state
 10. Registers Removed During Synthesis
 11. General Register Statistics
 12. Multiplexer Restructuring Statistics (Restructuring Performed)
 13. Port Connectivity Checks: "part2:u0"
 14. Post-Synthesis Netlist Statistics for Top Partition
 15. Elapsed Time Per Partition
 16. Analysis & Synthesis Messages



----------------
; Legal Notice ;
----------------
Copyright (C) 2017  Intel Corporation. All rights reserved.
Your use of Intel Corporation's design tools, logic functions 
and other software and tools, and its AMPP partner logic 
functions, and any output files from any of the foregoing 
(including device programming or simulation files), and any 
associated documentation or information are expressly subject 
to the terms and conditions of the Intel Program License 
Subscription Agreement, the Intel Quartus Prime License Agreement,
the Intel MegaCore Function License Agreement, or other 
applicable license agreement, including, without limitation, 
that your use is for the sole purpose of programming logic 
devices manufactured by Intel and sold by Intel or its 
authorized distributors.  Please refer to the applicable 
agreement for further details.



+-------------------------------------------------------------------------------+
; Analysis & Synthesis Summary                                                  ;
+---------------------------------+---------------------------------------------+
; Analysis & Synthesis Status     ; Successful - Wed Oct 11 16:22:44 2017       ;
; Quartus Prime Version           ; 17.0.0 Build 595 04/25/2017 SJ Lite Edition ;
; Revision Name                   ; DataPathSample                              ;
; Top-level Entity Name           ; DataPathSample                              ;
; Family                          ; Cyclone V                                   ;
; Logic utilization (in ALMs)     ; N/A                                         ;
; Total registers                 ; 46                                          ;
; Total pins                      ; 17                                          ;
; Total virtual pins              ; 0                                           ;
; Total block memory bits         ; 0                                           ;
; Total DSP Blocks                ; 1                                           ;
; Total HSSI RX PCSs              ; 0                                           ;
; Total HSSI PMA RX Deserializers ; 0                                           ;
; Total HSSI TX PCSs              ; 0                                           ;
; Total HSSI PMA TX Serializers   ; 0                                           ;
; Total PLLs                      ; 0                                           ;
; Total DLLs                      ; 0                                           ;
+---------------------------------+---------------------------------------------+


+---------------------------------------------------------------------------------------------------------------------------+
; Analysis & Synthesis Settings                                                                                             ;
+---------------------------------------------------------------------------------+--------------------+--------------------+
; Option                                                                          ; Setting            ; Default Value      ;
+---------------------------------------------------------------------------------+--------------------+--------------------+
; Device                                                                          ; 5CSEBA6U23I7DK     ;                    ;
; Top-level entity name                                                           ; DataPathSample     ; DataPathSample     ;
; Family name                                                                     ; Cyclone V          ; Cyclone V          ;
; Use smart compilation                                                           ; Off                ; Off                ;
; Enable parallel Assembler and TimeQuest Timing Analyzer during compilation      ; On                 ; On                 ;
; Enable compact report table                                                     ; Off                ; Off                ;
; Restructure Multiplexers                                                        ; Auto               ; Auto               ;
; MLAB Add Timing Constraints For Mixed-Port Feed-Through Mode Setting Don't Care ; Off                ; Off                ;
; Create Debugging Nodes for IP Cores                                             ; Off                ; Off                ;
; Preserve fewer node names                                                       ; On                 ; On                 ;
; OpenCore Plus hardware evaluation                                               ; Enable             ; Enable             ;
; Verilog Version                                                                 ; Verilog_2001       ; Verilog_2001       ;
; VHDL Version                                                                    ; VHDL_1993          ; VHDL_1993          ;
; State Machine Processing                                                        ; Auto               ; Auto               ;
; Safe State Machine                                                              ; Off                ; Off                ;
; Extract Verilog State Machines                                                  ; On                 ; On                 ;
; Extract VHDL State Machines                                                     ; On                 ; On                 ;
; Ignore Verilog initial constructs                                               ; Off                ; Off                ;
; Iteration limit for constant Verilog loops                                      ; 5000               ; 5000               ;
; Iteration limit for non-constant Verilog loops                                  ; 250                ; 250                ;
; Add Pass-Through Logic to Inferred RAMs                                         ; On                 ; On                 ;
; Infer RAMs from Raw Logic                                                       ; On                 ; On                 ;
; Parallel Synthesis                                                              ; On                 ; On                 ;
; DSP Block Balancing                                                             ; Auto               ; Auto               ;
; NOT Gate Push-Back                                                              ; On                 ; On                 ;
; Power-Up Don't Care                                                             ; On                 ; On                 ;
; Remove Redundant Logic Cells                                                    ; Off                ; Off                ;
; Remove Duplicate Registers                                                      ; On                 ; On                 ;
; Ignore CARRY Buffers                                                            ; Off                ; Off                ;
; Ignore CASCADE Buffers                                                          ; Off                ; Off                ;
; Ignore GLOBAL Buffers                                                           ; Off                ; Off                ;
; Ignore ROW GLOBAL Buffers                                                       ; Off                ; Off                ;
; Ignore LCELL Buffers                                                            ; Off                ; Off                ;
; Ignore SOFT Buffers                                                             ; On                 ; On                 ;
; Limit AHDL Integers to 32 Bits                                                  ; Off                ; Off                ;
; Optimization Technique                                                          ; Balanced           ; Balanced           ;
; Carry Chain Length                                                              ; 70                 ; 70                 ;
; Auto Carry Chains                                                               ; On                 ; On                 ;
; Auto Open-Drain Pins                                                            ; On                 ; On                 ;
; Perform WYSIWYG Primitive Resynthesis                                           ; Off                ; Off                ;
; Auto ROM Replacement                                                            ; On                 ; On                 ;
; Auto RAM Replacement                                                            ; On                 ; On                 ;
; Auto DSP Block Replacement                                                      ; On                 ; On                 ;
; Auto Shift Register Replacement                                                 ; Auto               ; Auto               ;
; Allow Shift Register Merging across Hierarchies                                 ; Auto               ; Auto               ;
; Auto Clock Enable Replacement                                                   ; On                 ; On                 ;
; Strict RAM Replacement                                                          ; Off                ; Off                ;
; Allow Synchronous Control Signals                                               ; On                 ; On                 ;
; Force Use of Synchronous Clear Signals                                          ; Off                ; Off                ;
; Auto Resource Sharing                                                           ; Off                ; Off                ;
; Allow Any RAM Size For Recognition                                              ; Off                ; Off                ;
; Allow Any ROM Size For Recognition                                              ; Off                ; Off                ;
; Allow Any Shift Register Size For Recognition                                   ; Off                ; Off                ;
; Use LogicLock Constraints during Resource Balancing                             ; On                 ; On                 ;
; Ignore translate_off and synthesis_off directives                               ; Off                ; Off                ;
; Timing-Driven Synthesis                                                         ; On                 ; On                 ;
; Report Parameter Settings                                                       ; On                 ; On                 ;
; Report Source Assignments                                                       ; On                 ; On                 ;
; Report Connectivity Checks                                                      ; On                 ; On                 ;
; Ignore Maximum Fan-Out Assignments                                              ; Off                ; Off                ;
; Synchronization Register Chain Length                                           ; 3                  ; 3                  ;
; PowerPlay Power Optimization During Synthesis                                   ; Normal compilation ; Normal compilation ;
; HDL message level                                                               ; Level2             ; Level2             ;
; Suppress Register Optimization Related Messages                                 ; Off                ; Off                ;
; Number of Removed Registers Reported in Synthesis Report                        ; 5000               ; 5000               ;
; Number of Swept Nodes Reported in Synthesis Report                              ; 5000               ; 5000               ;
; Number of Inverted Registers Reported in Synthesis Report                       ; 100                ; 100                ;
; Clock MUX Protection                                                            ; On                 ; On                 ;
; Auto Gated Clock Conversion                                                     ; Off                ; Off                ;
; Block Design Naming                                                             ; Auto               ; Auto               ;
; SDC constraint protection                                                       ; Off                ; Off                ;
; Synthesis Effort                                                                ; Auto               ; Auto               ;
; Shift Register Replacement - Allow Asynchronous Clear Signal                    ; On                 ; On                 ;
; Pre-Mapping Resynthesis Optimization                                            ; Off                ; Off                ;
; Analysis & Synthesis Message Level                                              ; Medium             ; Medium             ;
; Disable Register Merging Across Hierarchies                                     ; Auto               ; Auto               ;
; Resource Aware Inference For Block RAM                                          ; On                 ; On                 ;
; Automatic Parallel Synthesis                                                    ; On                 ; On                 ;
; Partial Reconfiguration Bitstream ID                                            ; Off                ; Off                ;
+---------------------------------------------------------------------------------+--------------------+--------------------+


+------------------------------------------+
; Parallel Compilation                     ;
+----------------------------+-------------+
; Processors                 ; Number      ;
+----------------------------+-------------+
; Number detected on machine ; 4           ;
; Maximum allowed            ; 4           ;
;                            ;             ;
; Average used               ; 1.00        ;
; Maximum used               ; 4           ;
;                            ;             ;
; Usage by Processor         ; % Time Used ;
;     Processor 1            ; 100.0%      ;
;     Processors 2-4         ;   0.0%      ;
+----------------------------+-------------+


+------------------------------------------------------------------------------------------------------------------------------------------------------------------------+
; Analysis & Synthesis Source Files Read                                                                                                                                 ;
+----------------------------------+-----------------+------------------------+--------------------------------------------------------------------------------+---------+
; File Name with User-Entered Path ; Used in Netlist ; File Type              ; File Name with Absolute Path                                                   ; Library ;
+----------------------------------+-----------------+------------------------+--------------------------------------------------------------------------------+---------+
; poly_function.v                  ; yes             ; User Verilog HDL File  ; /home/henryboswell/Desktop/Altera-FPGA-Projects/DataPathSample/poly_function.v ;         ;
+----------------------------------+-----------------+------------------------+--------------------------------------------------------------------------------+---------+


+------------------------------------------------------------+
; Analysis & Synthesis Resource Usage Summary                ;
+---------------------------------------------+--------------+
; Resource                                    ; Usage        ;
+---------------------------------------------+--------------+
; Estimate of Logic utilization (ALMs needed) ; 35           ;
;                                             ;              ;
; Combinational ALUT usage for logic          ; 66           ;
;     -- 7 input functions                    ; 0            ;
;     -- 6 input functions                    ; 0            ;
;     -- 5 input functions                    ; 20           ;
;     -- 4 input functions                    ; 23           ;
;     -- <=3 input functions                  ; 23           ;
;                                             ;              ;
; Dedicated logic registers                   ; 46           ;
;                                             ;              ;
; I/O pins                                    ; 17           ;
;                                             ;              ;
; Total DSP Blocks                            ; 1            ;
;                                             ;              ;
; Maximum fan-out node                        ; KEY[0]~input ;
; Maximum fan-out                             ; 47           ;
; Total fan-out                               ; 445          ;
; Average fan-out                             ; 3.03         ;
+---------------------------------------------+--------------+


+------------------------------------------------------------------------------------------------------------------------------------------------------------------------------------------------------------+
; Analysis & Synthesis Resource Utilization by Entity                                                                                                                                                        ;
+----------------------------+---------------------+---------------------------+-------------------+------------+------+--------------+--------------------------------------+----------------+--------------+
; Compilation Hierarchy Node ; Combinational ALUTs ; Dedicated Logic Registers ; Block Memory Bits ; DSP Blocks ; Pins ; Virtual Pins ; Full Hierarchy Name                  ; Entity Name    ; Library Name ;
+----------------------------+---------------------+---------------------------+-------------------+------------+------+--------------+--------------------------------------+----------------+--------------+
; |DataPathSample            ; 66 (0)              ; 46 (0)                    ; 0                 ; 1          ; 17   ; 0            ; |DataPathSample                      ; DataPathSample ; work         ;
;    |part2:u0|              ; 66 (0)              ; 46 (0)                    ; 0                 ; 1          ; 0    ; 0            ; |DataPathSample|part2:u0             ; part2          ; work         ;
;       |control:C0|         ; 17 (17)             ; 14 (14)                   ; 0                 ; 0          ; 0    ; 0            ; |DataPathSample|part2:u0|control:C0  ; control        ; work         ;
;       |datapath:D0|        ; 49 (49)             ; 32 (32)                   ; 0                 ; 1          ; 0    ; 0            ; |DataPathSample|part2:u0|datapath:D0 ; datapath       ; work         ;
+----------------------------+---------------------+---------------------------+-------------------+------------+------+--------------+--------------------------------------+----------------+--------------+
Note: For table entries with two numbers listed, the numbers in parentheses indicate the number of resources of the given type used by the specific entity alone. The numbers listed outside of parentheses indicate the total resources of the given type used by the specific entity and all of its sub-entities in the hierarchy.


+-----------------------------------------------+
; Analysis & Synthesis DSP Block Usage Summary  ;
+---------------------------------+-------------+
; Statistic                       ; Number Used ;
+---------------------------------+-------------+
; Independent 9x9                 ; 1           ;
; Total number of DSP blocks      ; 1           ;
;                                 ;             ;
; Fixed Point Unsigned Multiplier ; 1           ;
+---------------------------------+-------------+


Encoding Type:  One-Hot
+---------------------------------------------------------------------------------------------------------------------------------------------------------------------------------------------------------------------------------------------------------------------------------------------------------------------------------------------------------------------------------------------------------------------+
; State Machine - |DataPathSample|part2:u0|control:C0|current_state                                                                                                                                                                                                                                                                                                                                                   ;
+-----------------------------+-------------------------+-------------------------+-------------------------+-------------------------+-------------------------+-------------------------+-----------------------------+------------------------+-----------------------------+------------------------+-----------------------------+------------------------+-----------------------------+------------------------+
; Name                        ; current_state.S_CYCLE_5 ; current_state.S_CYCLE_4 ; current_state.S_CYCLE_3 ; current_state.S_CYCLE_2 ; current_state.S_CYCLE_1 ; current_state.S_CYCLE_0 ; current_state.S_LOAD_X_WAIT ; current_state.S_LOAD_X ; current_state.S_LOAD_C_WAIT ; current_state.S_LOAD_C ; current_state.S_LOAD_B_WAIT ; current_state.S_LOAD_B ; current_state.S_LOAD_A_WAIT ; current_state.S_LOAD_A ;
+-----------------------------+-------------------------+-------------------------+-------------------------+-------------------------+-------------------------+-------------------------+-----------------------------+------------------------+-----------------------------+------------------------+-----------------------------+------------------------+-----------------------------+------------------------+
; current_state.S_LOAD_A      ; 0                       ; 0                       ; 0                       ; 0                       ; 0                       ; 0                       ; 0                           ; 0                      ; 0                           ; 0                      ; 0                           ; 0                      ; 0                           ; 0                      ;
; current_state.S_LOAD_A_WAIT ; 0                       ; 0                       ; 0                       ; 0                       ; 0                       ; 0                       ; 0                           ; 0                      ; 0                           ; 0                      ; 0                           ; 0                      ; 1                           ; 1                      ;
; current_state.S_LOAD_B      ; 0                       ; 0                       ; 0                       ; 0                       ; 0                       ; 0                       ; 0                           ; 0                      ; 0                           ; 0                      ; 0                           ; 1                      ; 0                           ; 1                      ;
; current_state.S_LOAD_B_WAIT ; 0                       ; 0                       ; 0                       ; 0                       ; 0                       ; 0                       ; 0                           ; 0                      ; 0                           ; 0                      ; 1                           ; 0                      ; 0                           ; 1                      ;
; current_state.S_LOAD_C      ; 0                       ; 0                       ; 0                       ; 0                       ; 0                       ; 0                       ; 0                           ; 0                      ; 0                           ; 1                      ; 0                           ; 0                      ; 0                           ; 1                      ;
; current_state.S_LOAD_C_WAIT ; 0                       ; 0                       ; 0                       ; 0                       ; 0                       ; 0                       ; 0                           ; 0                      ; 1                           ; 0                      ; 0                           ; 0                      ; 0                           ; 1                      ;
; current_state.S_LOAD_X      ; 0                       ; 0                       ; 0                       ; 0                       ; 0                       ; 0                       ; 0                           ; 1                      ; 0                           ; 0                      ; 0                           ; 0                      ; 0                           ; 1                      ;
; current_state.S_LOAD_X_WAIT ; 0                       ; 0                       ; 0                       ; 0                       ; 0                       ; 0                       ; 1                           ; 0                      ; 0                           ; 0                      ; 0                           ; 0                      ; 0                           ; 1                      ;
; current_state.S_CYCLE_0     ; 0                       ; 0                       ; 0                       ; 0                       ; 0                       ; 1                       ; 0                           ; 0                      ; 0                           ; 0                      ; 0                           ; 0                      ; 0                           ; 1                      ;
; current_state.S_CYCLE_1     ; 0                       ; 0                       ; 0                       ; 0                       ; 1                       ; 0                       ; 0                           ; 0                      ; 0                           ; 0                      ; 0                           ; 0                      ; 0                           ; 1                      ;
; current_state.S_CYCLE_2     ; 0                       ; 0                       ; 0                       ; 1                       ; 0                       ; 0                       ; 0                           ; 0                      ; 0                           ; 0                      ; 0                           ; 0                      ; 0                           ; 1                      ;
; current_state.S_CYCLE_3     ; 0                       ; 0                       ; 1                       ; 0                       ; 0                       ; 0                       ; 0                           ; 0                      ; 0                           ; 0                      ; 0                           ; 0                      ; 0                           ; 1                      ;
; current_state.S_CYCLE_4     ; 0                       ; 1                       ; 0                       ; 0                       ; 0                       ; 0                       ; 0                           ; 0                      ; 0                           ; 0                      ; 0                           ; 0                      ; 0                           ; 1                      ;
; current_state.S_CYCLE_5     ; 1                       ; 0                       ; 0                       ; 0                       ; 0                       ; 0                       ; 0                           ; 0                      ; 0                           ; 0                      ; 0                           ; 0                      ; 0                           ; 1                      ;
+-----------------------------+-------------------------+-------------------------+-------------------------+-------------------------+-------------------------+-------------------------+-----------------------------+------------------------+-----------------------------+------------------------+-----------------------------+------------------------+-----------------------------+------------------------+


+---------------------------------------------------------------------------------+
; Registers Removed During Synthesis                                              ;
+----------------------------------------+----------------------------------------+
; Register name                          ; Reason for Removal                     ;
+----------------------------------------+----------------------------------------+
; part2:u0|datapath:D0|c[5..7]           ; Merged with part2:u0|datapath:D0|c[4]  ;
; part2:u0|datapath:D0|x[5..7]           ; Merged with part2:u0|datapath:D0|x[4]  ;
; part2:u0|datapath:D0|x[4]              ; Stuck at GND due to stuck port data_in ;
; part2:u0|datapath:D0|c[4]              ; Stuck at GND due to stuck port data_in ;
; part2:u0|control:C0|current_state~2    ; Lost fanout                            ;
; part2:u0|control:C0|current_state~3    ; Lost fanout                            ;
; part2:u0|control:C0|current_state~4    ; Lost fanout                            ;
; part2:u0|control:C0|current_state~5    ; Lost fanout                            ;
; Total Number of Removed Registers = 12 ;                                        ;
+----------------------------------------+----------------------------------------+


+------------------------------------------------------+
; General Register Statistics                          ;
+----------------------------------------------+-------+
; Statistic                                    ; Value ;
+----------------------------------------------+-------+
; Total registers                              ; 46    ;
; Number of registers using Synchronous Clear  ; 24    ;
; Number of registers using Synchronous Load   ; 0     ;
; Number of registers using Asynchronous Clear ; 0     ;
; Number of registers using Asynchronous Load  ; 0     ;
; Number of registers using Clock Enable       ; 32    ;
; Number of registers using Preset             ; 0     ;
+----------------------------------------------+-------+


+-------------------------------------------------------------------------------------------------------------------------------------------------------------------+
; Multiplexer Restructuring Statistics (Restructuring Performed)                                                                                                    ;
+--------------------+-----------+---------------+----------------------+------------------------+------------+-----------------------------------------------------+
; Multiplexer Inputs ; Bus Width ; Baseline Area ; Area if Restructured ; Saving if Restructured ; Registered ; Example Multiplexer Output                          ;
+--------------------+-----------+---------------+----------------------+------------------------+------------+-----------------------------------------------------+
; 3:1                ; 4 bits    ; 8 LEs         ; 4 LEs                ; 4 LEs                  ; Yes        ; |DataPathSample|part2:u0|datapath:D0|c[3]           ;
; 3:1                ; 4 bits    ; 8 LEs         ; 4 LEs                ; 4 LEs                  ; Yes        ; |DataPathSample|part2:u0|datapath:D0|x[2]           ;
; 3:1                ; 8 bits    ; 16 LEs        ; 0 LEs                ; 16 LEs                 ; Yes        ; |DataPathSample|part2:u0|datapath:D0|data_result[2] ;
; 3:1                ; 8 bits    ; 16 LEs        ; 0 LEs                ; 16 LEs                 ; Yes        ; |DataPathSample|part2:u0|datapath:D0|a[7]           ;
; 3:1                ; 8 bits    ; 16 LEs        ; 0 LEs                ; 16 LEs                 ; Yes        ; |DataPathSample|part2:u0|datapath:D0|b[7]           ;
; 4:1                ; 4 bits    ; 8 LEs         ; 8 LEs                ; 0 LEs                  ; No         ; |DataPathSample|part2:u0|datapath:D0|Mux8           ;
; 4:1                ; 4 bits    ; 8 LEs         ; 8 LEs                ; 0 LEs                  ; No         ; |DataPathSample|part2:u0|datapath:D0|Mux12          ;
+--------------------+-----------+---------------+----------------------+------------------------+------------+-----------------------------------------------------+


+-------------------------------------------------+
; Port Connectivity Checks: "part2:u0"            ;
+---------------+-------+----------+--------------+
; Port          ; Type  ; Severity ; Details      ;
+---------------+-------+----------+--------------+
; data_in[7..4] ; Input ; Info     ; Stuck at GND ;
+---------------+-------+----------+--------------+


+-----------------------------------------------------+
; Post-Synthesis Netlist Statistics for Top Partition ;
+-----------------------+-----------------------------+
; Type                  ; Count                       ;
+-----------------------+-----------------------------+
; arriav_ff             ; 46                          ;
;     ENA               ; 8                           ;
;     ENA SCLR          ; 24                          ;
;     plain             ; 14                          ;
; arriav_lcell_comb     ; 66                          ;
;     arith             ; 8                           ;
;         4 data inputs ; 8                           ;
;     normal            ; 58                          ;
;         2 data inputs ; 12                          ;
;         3 data inputs ; 11                          ;
;         4 data inputs ; 15                          ;
;         5 data inputs ; 20                          ;
; arriav_mac            ; 1                           ;
; boundary_port         ; 17                          ;
;                       ;                             ;
; Max LUT depth         ; 4.70                        ;
; Average LUT depth     ; 2.41                        ;
+-----------------------+-----------------------------+


+-------------------------------+
; Elapsed Time Per Partition    ;
+----------------+--------------+
; Partition Name ; Elapsed Time ;
+----------------+--------------+
; Top            ; 00:00:00     ;
+----------------+--------------+


+-------------------------------+
; Analysis & Synthesis Messages ;
+-------------------------------+
Info: *******************************************************************
Info: Running Quartus Prime Analysis & Synthesis
    Info: Version 17.0.0 Build 595 04/25/2017 SJ Lite Edition
    Info: Processing started: Wed Oct 11 16:22:33 2017
Info: Command: quartus_map --read_settings_files=on --write_settings_files=off DataPathSample -c DataPathSample
Warning (18236): Number of processors has not been specified which may cause overloading on shared machines.  Set the global assignment NUM_PARALLEL_PROCESSORS in your QSF to an appropriate value for best performance.
Info (20030): Parallel compilation is enabled and will use 4 of the 4 processors detected
Info (12021): Found 5 design units, including 5 entities, in source file poly_function.v
    Info (12023): Found entity 1: DataPathSample File: /home/henryboswell/Desktop/Altera-FPGA-Projects/DataPathSample/poly_function.v Line: 9
    Info (12023): Found entity 2: part2 File: /home/henryboswell/Desktop/Altera-FPGA-Projects/DataPathSample/poly_function.v Line: 34
    Info (12023): Found entity 3: control File: /home/henryboswell/Desktop/Altera-FPGA-Projects/DataPathSample/poly_function.v Line: 88
    Info (12023): Found entity 4: datapath File: /home/henryboswell/Desktop/Altera-FPGA-Projects/DataPathSample/poly_function.v Line: 211
    Info (12023): Found entity 5: hex_decoder File: /home/henryboswell/Desktop/Altera-FPGA-Projects/DataPathSample/poly_function.v Line: 308
Info (12127): Elaborating entity "DataPathSample" for the top level hierarchy
Info (12128): Elaborating entity "part2" for hierarchy "part2:u0" File: /home/henryboswell/Desktop/Altera-FPGA-Projects/DataPathSample/poly_function.v Line: 27
Info (12128): Elaborating entity "control" for hierarchy "part2:u0|control:C0" File: /home/henryboswell/Desktop/Altera-FPGA-Projects/DataPathSample/poly_function.v Line: 64
Warning (10270): Verilog HDL Case Statement warning at poly_function.v(154): incomplete case statement has no default case item File: /home/henryboswell/Desktop/Altera-FPGA-Projects/DataPathSample/poly_function.v Line: 154
Info (10264): Verilog HDL Case Statement information at poly_function.v(154): all case item expressions in this case statement are onehot File: /home/henryboswell/Desktop/Altera-FPGA-Projects/DataPathSample/poly_function.v Line: 154
Info (12128): Elaborating entity "datapath" for hierarchy "part2:u0|datapath:D0" File: /home/henryboswell/Desktop/Altera-FPGA-Projects/DataPathSample/poly_function.v Line: 83
Info (286030): Timing-Driven Synthesis is running
Info (17049): 4 registers lost all their fanouts during netlist optimizations.
Warning (20013): Ignored 97 assignments for entity "DE10_Nano_Default" -- entity does not exist in design
    Warning (20014): Assignment for entity set_instance_assignment -name IO_STANDARD "3.3-V LVTTL" -to ADC_CONVST -entity DE10_Nano_Default was ignored
    Warning (20014): Assignment for entity set_instance_assignment -name IO_STANDARD "3.3-V LVTTL" -to ADC_SCK -entity DE10_Nano_Default was ignored
    Warning (20014): Assignment for entity set_instance_assignment -name IO_STANDARD "3.3-V LVTTL" -to ADC_SDI -entity DE10_Nano_Default was ignored
    Warning (20014): Assignment for entity set_instance_assignment -name IO_STANDARD "3.3-V LVTTL" -to ADC_SDO -entity DE10_Nano_Default was ignored
    Warning (20014): Assignment for entity set_instance_assignment -name IO_STANDARD "3.3-V LVTTL" -to ARDUINO_IO[0] -entity DE10_Nano_Default was ignored
    Warning (20014): Assignment for entity set_instance_assignment -name IO_STANDARD "3.3-V LVTTL" -to ARDUINO_IO[10] -entity DE10_Nano_Default was ignored
    Warning (20014): Assignment for entity set_instance_assignment -name IO_STANDARD "3.3-V LVTTL" -to ARDUINO_IO[11] -entity DE10_Nano_Default was ignored
    Warning (20014): Assignment for entity set_instance_assignment -name IO_STANDARD "3.3-V LVTTL" -to ARDUINO_IO[12] -entity DE10_Nano_Default was ignored
    Warning (20014): Assignment for entity set_instance_assignment -name IO_STANDARD "3.3-V LVTTL" -to ARDUINO_IO[13] -entity DE10_Nano_Default was ignored
    Warning (20014): Assignment for entity set_instance_assignment -name IO_STANDARD "3.3-V LVTTL" -to ARDUINO_IO[14] -entity DE10_Nano_Default was ignored
    Warning (20014): Assignment for entity set_instance_assignment -name IO_STANDARD "3.3-V LVTTL" -to ARDUINO_IO[15] -entity DE10_Nano_Default was ignored
    Warning (20014): Assignment for entity set_instance_assignment -name IO_STANDARD "3.3-V LVTTL" -to ARDUINO_IO[1] -entity DE10_Nano_Default was ignored
    Warning (20014): Assignment for entity set_instance_assignment -name IO_STANDARD "3.3-V LVTTL" -to ARDUINO_IO[2] -entity DE10_Nano_Default was ignored
    Warning (20014): Assignment for entity set_instance_assignment -name IO_STANDARD "3.3-V LVTTL" -to ARDUINO_IO[3] -entity DE10_Nano_Default was ignored
    Warning (20014): Assignment for entity set_instance_assignment -name IO_STANDARD "3.3-V LVTTL" -to ARDUINO_IO[4] -entity DE10_Nano_Default was ignored
    Warning (20014): Assignment for entity set_instance_assignment -name IO_STANDARD "3.3-V LVTTL" -to ARDUINO_IO[5] -entity DE10_Nano_Default was ignored
    Warning (20014): Assignment for entity set_instance_assignment -name IO_STANDARD "3.3-V LVTTL" -to ARDUINO_IO[6] -entity DE10_Nano_Default was ignored
    Warning (20014): Assignment for entity set_instance_assignment -name IO_STANDARD "3.3-V LVTTL" -to ARDUINO_IO[7] -entity DE10_Nano_Default was ignored
    Warning (20014): Assignment for entity set_instance_assignment -name IO_STANDARD "3.3-V LVTTL" -to ARDUINO_IO[8] -entity DE10_Nano_Default was ignored
    Warning (20014): Assignment for entity set_instance_assignment -name IO_STANDARD "3.3-V LVTTL" -to ARDUINO_IO[9] -entity DE10_Nano_Default was ignored
    Warning (20014): Assignment for entity set_instance_assignment -name IO_STANDARD "3.3-V LVTTL" -to ARDUINO_RESET_N -entity DE10_Nano_Default was ignored
    Warning (20014): Assignment for entity set_instance_assignment -name IO_STANDARD "3.3-V LVTTL" -to FPGA_CLK1_50 -entity DE10_Nano_Default was ignored
    Warning (20014): Assignment for entity set_instance_assignment -name IO_STANDARD "3.3-V LVTTL" -to FPGA_CLK2_50 -entity DE10_Nano_Default was ignored
    Warning (20014): Assignment for entity set_instance_assignment -name IO_STANDARD "3.3-V LVTTL" -to FPGA_CLK3_50 -entity DE10_Nano_Default was ignored
    Warning (20014): Assignment for entity set_instance_assignment -name IO_STANDARD "3.3-V LVTTL" -to HDMI_I2C_SCL -entity DE10_Nano_Default was ignored
    Warning (20014): Assignment for entity set_instance_assignment -name IO_STANDARD "3.3-V LVTTL" -to HDMI_I2C_SDA -entity DE10_Nano_Default was ignored
    Warning (20014): Assignment for entity set_instance_assignment -name IO_STANDARD "3.3-V LVTTL" -to HDMI_I2S -entity DE10_Nano_Default was ignored
    Warning (20014): Assignment for entity set_instance_assignment -name IO_STANDARD "3.3-V LVTTL" -to HDMI_LRCLK -entity DE10_Nano_Default was ignored
    Warning (20014): Assignment for entity set_instance_assignment -name IO_STANDARD "3.3-V LVTTL" -to HDMI_MCLK -entity DE10_Nano_Default was ignored
    Warning (20014): Assignment for entity set_instance_assignment -name IO_STANDARD "3.3-V LVTTL" -to HDMI_SCLK -entity DE10_Nano_Default was ignored
    Warning (20014): Assignment for entity set_instance_assignment -name IO_STANDARD "3.3-V LVTTL" -to HDMI_TX_CLK -entity DE10_Nano_Default was ignored
    Warning (20014): Assignment for entity set_instance_assignment -name IO_STANDARD "3.3-V LVTTL" -to HDMI_TX_DE -entity DE10_Nano_Default was ignored
    Warning (20014): Assignment for entity set_instance_assignment -name IO_STANDARD "3.3-V LVTTL" -to HDMI_TX_D[0] -entity DE10_Nano_Default was ignored
    Warning (20014): Assignment for entity set_instance_assignment -name IO_STANDARD "3.3-V LVTTL" -to HDMI_TX_D[10] -entity DE10_Nano_Default was ignored
    Warning (20014): Assignment for entity set_instance_assignment -name IO_STANDARD "3.3-V LVTTL" -to HDMI_TX_D[11] -entity DE10_Nano_Default was ignored
    Warning (20014): Assignment for entity set_instance_assignment -name IO_STANDARD "3.3-V LVTTL" -to HDMI_TX_D[12] -entity DE10_Nano_Default was ignored
    Warning (20014): Assignment for entity set_instance_assignment -name IO_STANDARD "3.3-V LVTTL" -to HDMI_TX_D[13] -entity DE10_Nano_Default was ignored
    Warning (20014): Assignment for entity set_instance_assignment -name IO_STANDARD "3.3-V LVTTL" -to HDMI_TX_D[14] -entity DE10_Nano_Default was ignored
    Warning (20014): Assignment for entity set_instance_assignment -name IO_STANDARD "3.3-V LVTTL" -to HDMI_TX_D[15] -entity DE10_Nano_Default was ignored
    Warning (20014): Assignment for entity set_instance_assignment -name IO_STANDARD "3.3-V LVTTL" -to HDMI_TX_D[16] -entity DE10_Nano_Default was ignored
    Warning (20014): Assignment for entity set_instance_assignment -name IO_STANDARD "3.3-V LVTTL" -to HDMI_TX_D[17] -entity DE10_Nano_Default was ignored
    Warning (20014): Assignment for entity set_instance_assignment -name IO_STANDARD "3.3-V LVTTL" -to HDMI_TX_D[18] -entity DE10_Nano_Default was ignored
    Warning (20014): Assignment for entity set_instance_assignment -name IO_STANDARD "3.3-V LVTTL" -to HDMI_TX_D[19] -entity DE10_Nano_Default was ignored
    Warning (20014): Assignment for entity set_instance_assignment -name IO_STANDARD "3.3-V LVTTL" -to HDMI_TX_D[1] -entity DE10_Nano_Default was ignored
    Warning (20014): Assignment for entity set_instance_assignment -name IO_STANDARD "3.3-V LVTTL" -to HDMI_TX_D[20] -entity DE10_Nano_Default was ignored
    Warning (20014): Assignment for entity set_instance_assignment -name IO_STANDARD "3.3-V LVTTL" -to HDMI_TX_D[21] -entity DE10_Nano_Default was ignored
    Warning (20014): Assignment for entity set_instance_assignment -name IO_STANDARD "3.3-V LVTTL" -to HDMI_TX_D[22] -entity DE10_Nano_Default was ignored
    Warning (20014): Assignment for entity set_instance_assignment -name IO_STANDARD "3.3-V LVTTL" -to HDMI_TX_D[23] -entity DE10_Nano_Default was ignored
    Warning (20014): Assignment for entity set_instance_assignment -name IO_STANDARD "3.3-V LVTTL" -to HDMI_TX_D[2] -entity DE10_Nano_Default was ignored
    Warning (20014): Assignment for entity set_instance_assignment -name IO_STANDARD "3.3-V LVTTL" -to HDMI_TX_D[3] -entity DE10_Nano_Default was ignored
    Warning (20014): Assignment for entity set_instance_assignment -name IO_STANDARD "3.3-V LVTTL" -to HDMI_TX_D[4] -entity DE10_Nano_Default was ignored
    Warning (20014): Assignment for entity set_instance_assignment -name IO_STANDARD "3.3-V LVTTL" -to HDMI_TX_D[5] -entity DE10_Nano_Default was ignored
    Warning (20014): Assignment for entity set_instance_assignment -name IO_STANDARD "3.3-V LVTTL" -to HDMI_TX_D[6] -entity DE10_Nano_Default was ignored
    Warning (20014): Assignment for entity set_instance_assignment -name IO_STANDARD "3.3-V LVTTL" -to HDMI_TX_D[7] -entity DE10_Nano_Default was ignored
    Warning (20014): Assignment for entity set_instance_assignment -name IO_STANDARD "3.3-V LVTTL" -to HDMI_TX_D[8] -entity DE10_Nano_Default was ignored
    Warning (20014): Assignment for entity set_instance_assignment -name IO_STANDARD "3.3-V LVTTL" -to HDMI_TX_D[9] -entity DE10_Nano_Default was ignored
    Warning (20014): Assignment for entity set_instance_assignment -name IO_STANDARD "3.3-V LVTTL" -to HDMI_TX_HS -entity DE10_Nano_Default was ignored
    Warning (20014): Assignment for entity set_instance_assignment -name IO_STANDARD "3.3-V LVTTL" -to HDMI_TX_INT -entity DE10_Nano_Default was ignored
    Warning (20014): Assignment for entity set_instance_assignment -name IO_STANDARD "3.3-V LVTTL" -to HDMI_TX_VS -entity DE10_Nano_Default was ignored
    Warning (20014): Assignment for entity set_instance_assignment -name IO_STANDARD "3.3-V LVTTL" -to KEY[0] -entity DE10_Nano_Default was ignored
    Warning (20014): Assignment for entity set_instance_assignment -name IO_STANDARD "3.3-V LVTTL" -to KEY[1] -entity DE10_Nano_Default was ignored
    Warning (20014): Assignment for entity set_instance_assignment -name IO_STANDARD "3.3-V LVTTL" -to LED[0] -entity DE10_Nano_Default was ignored
    Warning (20014): Assignment for entity set_instance_assignment -name IO_STANDARD "3.3-V LVTTL" -to LED[1] -entity DE10_Nano_Default was ignored
    Warning (20014): Assignment for entity set_instance_assignment -name IO_STANDARD "3.3-V LVTTL" -to LED[2] -entity DE10_Nano_Default was ignored
    Warning (20014): Assignment for entity set_instance_assignment -name IO_STANDARD "3.3-V LVTTL" -to LED[3] -entity DE10_Nano_Default was ignored
    Warning (20014): Assignment for entity set_instance_assignment -name IO_STANDARD "3.3-V LVTTL" -to LED[4] -entity DE10_Nano_Default was ignored
    Warning (20014): Assignment for entity set_instance_assignment -name IO_STANDARD "3.3-V LVTTL" -to LED[5] -entity DE10_Nano_Default was ignored
    Warning (20014): Assignment for entity set_instance_assignment -name IO_STANDARD "3.3-V LVTTL" -to LED[6] -entity DE10_Nano_Default was ignored
    Warning (20014): Assignment for entity set_instance_assignment -name IO_STANDARD "3.3-V LVTTL" -to LED[7] -entity DE10_Nano_Default was ignored
    Warning (20014): Assignment for entity set_instance_assignment -name IO_STANDARD "3.3-V LVTTL" -to SW[0] -entity DE10_Nano_Default was ignored
    Warning (20014): Assignment for entity set_instance_assignment -name IO_STANDARD "3.3-V LVTTL" -to SW[1] -entity DE10_Nano_Default was ignored
    Warning (20014): Assignment for entity set_instance_assignment -name IO_STANDARD "3.3-V LVTTL" -to SW[2] -entity DE10_Nano_Default was ignored
    Warning (20014): Assignment for entity set_instance_assignment -name IO_STANDARD "3.3-V LVTTL" -to SW[3] -entity DE10_Nano_Default was ignored
    Warning (20014): Assignment for entity set_instance_assignment -name PARTITION_HIERARCHY root_partition -to | -entity DE10_Nano_Default -section_id Top was ignored
    Warning (20014): Assignment for entity set_global_assignment -name PARTITION_NETLIST_TYPE SOURCE -entity DE10_Nano_Default -section_id Top was ignored
    Warning (20014): Assignment for entity set_global_assignment -name PARTITION_FITTER_PRESERVATION_LEVEL PLACEMENT_AND_ROUTING -entity DE10_Nano_Default -section_id Top was ignored
    Warning (20014): Assignment for entity set_global_assignment -name PARTITION_PRESERVE_HIGH_SPEED_TILES ON -entity DE10_Nano_Default -section_id Top was ignored
    Warning (20014): Assignment for entity set_global_assignment -name PARTITION_IGNORE_SOURCE_FILE_CHANGES OFF -entity DE10_Nano_Default -section_id Top was ignored
    Warning (20014): Assignment for entity set_global_assignment -name PARTITION_ALWAYS_USE_QXP_NETLIST OFF -entity DE10_Nano_Default -section_id Top was ignored
    Warning (20014): Assignment for entity set_global_assignment -name PARTITION_COLOR 16764057 -entity DE10_Nano_Default -section_id Top was ignored
    Warning (20014): Assignment for entity set_global_assignment -name PARTITION_IMPORT_ASSIGNMENTS ON -entity DE10_Nano_Default -section_id Top was ignored
    Warning (20014): Assignment for entity set_global_assignment -name PARTITION_IMPORT_EXISTING_ASSIGNMENTS REPLACE_CONFLICTING -entity DE10_Nano_Default -section_id Top was ignored
    Warning (20014): Assignment for entity set_global_assignment -name PARTITION_IMPORT_EXISTING_LOGICLOCK_REGIONS UPDATE_CONFLICTING -entity DE10_Nano_Default -section_id Top was ignored
    Warning (20014): Assignment for entity set_global_assignment -name PARTITION_IMPORT_PIN_ASSIGNMENTS ON -entity DE10_Nano_Default -section_id Top was ignored
    Warning (20014): Assignment for entity set_global_assignment -name PARTITION_IMPORT_PROMOTE_ASSIGNMENTS ON -entity DE10_Nano_Default -section_id Top was ignored
    Warning (20014): Assignment for entity set_global_assignment -name PARTITION_TYPE STANDARD_PARTITION -entity DE10_Nano_Default -section_id Top was ignored
    Warning (20014): Assignment for entity set_global_assignment -name ALLOW_MULTIPLE_PERSONAS OFF -entity DE10_Nano_Default -section_id Top was ignored
    Warning (20014): Assignment for entity set_global_assignment -name PARTITION_ASD_REGION_ID 1 -entity DE10_Nano_Default -section_id Top was ignored
    Warning (20014): Assignment for entity set_global_assignment -name CROSS_BOUNDARY_OPTIMIZATIONS OFF -entity DE10_Nano_Default -section_id Top was ignored
    Warning (20014): Assignment for entity set_global_assignment -name PROPAGATE_CONSTANTS_ON_INPUTS ON -entity DE10_Nano_Default -section_id Top was ignored
    Warning (20014): Assignment for entity set_global_assignment -name PROPAGATE_INVERSIONS_ON_INPUTS ON -entity DE10_Nano_Default -section_id Top was ignored
    Warning (20014): Assignment for entity set_global_assignment -name REMOVE_LOGIC_ON_UNCONNECTED_OUTPUTS ON -entity DE10_Nano_Default -section_id Top was ignored
    Warning (20014): Assignment for entity set_global_assignment -name MERGE_EQUIVALENT_INPUTS ON -entity DE10_Nano_Default -section_id Top was ignored
    Warning (20014): Assignment for entity set_global_assignment -name MERGE_EQUIVALENT_BIDIRS ON -entity DE10_Nano_Default -section_id Top was ignored
    Warning (20014): Assignment for entity set_global_assignment -name ABSORB_PATHS_FROM_OUTPUTS_TO_INPUTS ON -entity DE10_Nano_Default -section_id Top was ignored
    Warning (20014): Assignment for entity set_global_assignment -name PARTITION_EXTRACT_HARD_BLOCK_NODES ON -entity DE10_Nano_Default -section_id Top was ignored
    Warning (20014): Assignment for entity set_global_assignment -name PARTITION_ENABLE_STRICT_PRESERVATION OFF -entity DE10_Nano_Default -section_id Top was ignored
Info (16010): Generating hard_block partition "hard_block:auto_generated_inst"
    Info (16011): Adding 0 node(s), including 0 DDIO, 0 PLL, 0 transceiver and 0 LCELL
Warning (21074): Design contains 2 input pin(s) that do not drive logic
    Warning (15610): No output dependent on input pin "KEY[2]" File: /home/henryboswell/Desktop/Altera-FPGA-Projects/DataPathSample/poly_function.v Line: 11
    Warning (15610): No output dependent on input pin "KEY[3]" File: /home/henryboswell/Desktop/Altera-FPGA-Projects/DataPathSample/poly_function.v Line: 11
Info (21057): Implemented 108 device resources after synthesis - the final resource count might be different
    Info (21058): Implemented 9 input pins
    Info (21059): Implemented 8 output pins
    Info (21061): Implemented 90 logic cells
    Info (21062): Implemented 1 DSP elements
Info: Quartus Prime Analysis & Synthesis was successful. 0 errors, 103 warnings
    Info: Peak virtual memory: 1046 megabytes
    Info: Processing ended: Wed Oct 11 16:22:44 2017
    Info: Elapsed time: 00:00:11
    Info: Total CPU time (on all processors): 00:00:23


